<?xml version="1.0" encoding="UTF-8"?>
<!-- Generated by org.testng.reporters.JUnitXMLReporter -->
<testsuite ignored="8" hostname="DESKTOP-4R6DTTV" failures="6" tests="9" name="Test(failed)" time="59.175" errors="0" timestamp="2023-07-10T17:16:19 IST">
  <testcase classname="TestCases.ForgotModuleTestCases" name="Scenario_5" time="0.553">
    <failure type="java.lang.NullPointerException" message="Cannot invoke &amp;quot;org.openqa.selenium.WebElement.clear()&amp;quot; because &amp;quot;this.email&amp;quot; is null">
      <![CDATA[java.lang.NullPointerException: Cannot invoke "org.openqa.selenium.WebElement.clear()" because "this.email" is null
at PageClasses.ForgotModulePageObject.Test_5(ForgotModulePageObject.java:248)
at TestCases.ForgotModuleTestCases.Scenario_5(ForgotModuleTestCases.java:47)
at java.base/java.util.ArrayList.forEach(ArrayList.java:1511)
... Removed 25 stack frames]]>
    </failure>
  </testcase> <!-- Scenario_5 -->
  <testcase classname="TestCases.ForgotModuleTestCases" name="Scenario_9" time="20.337">
    <failure type="org.openqa.selenium.NoSuchElementException" message="Unable to locate element: //input[@placeholder=&amp;apos;Confirm Password&amp;apos;]
For documentation on this error, please visit: https://selenium.dev/exceptions/#no_such_element
Build info: version: &amp;apos;4.9.0&amp;apos;, revision: &amp;apos;d7057100a6&amp;apos;
System info: os.name: &amp;apos;Windows 11&amp;apos;, os.arch: &amp;apos;amd64&amp;apos;, os.version: &amp;apos;10.0&amp;apos;, java.version: &amp;apos;20.0.1&amp;apos;
Driver info: org.openqa.selenium.remote.RemoteWebDriver
Command: [921b30db-646e-4e9a-8b39-0df82b2d0164, findElement {using=xpath, value=//input[@placeholder=&amp;apos;Confirm Password&amp;apos;]}]
Capabilities {acceptInsecureCerts: false, browserName: firefox, browserVersion: 114.0, moz:accessibilityChecks: false, moz:buildID: 20230608214645, moz:geckodriverVersion: 0.33.0, moz:headless: false, moz:platformVersion: 5.19.0-1028-aws, moz:processID: 11529, moz:profile: /tmp/rust_mozprofile26UU4p, moz:shutdownTimeout: 60000, moz:useNonSpecCompliantPointerOrigin: false, moz:webdriverClick: true, moz:windowless: false, pageLoadStrategy: normal, platformName: LINUX, proxy: Proxy(), se:bidi: ws://172.22.0.2:4444/sessio..., se:cdp: ws://172.22.0.2:4444/sessio..., se:noVncPort: 7900, se:vnc: ws://172.22.0.2:4444/sessio..., se:vncEnabled: true, se:vncLocalAddress: ws://172.22.0.2:7900, setWindowRect: true, strictFileInteractability: false, timeouts: {implicit: 0, pageLoad: 300000, script: 30000}, unhandledPromptBehavior: dismiss and notify}
Session ID: 921b30db-646e-4e9a-8b39-0df82b2d0164">
      <![CDATA[org.openqa.selenium.NoSuchElementException: Unable to locate element: //input[@placeholder='Confirm Password']
For documentation on this error, please visit: https://selenium.dev/exceptions/#no_such_element
Build info: version: '4.9.0', revision: 'd7057100a6'
System info: os.name: 'Windows 11', os.arch: 'amd64', os.version: '10.0', java.version: '20.0.1'
Driver info: org.openqa.selenium.remote.RemoteWebDriver
Command: [921b30db-646e-4e9a-8b39-0df82b2d0164, findElement {using=xpath, value=//input[@placeholder='Confirm Password']}]
Capabilities {acceptInsecureCerts: false, browserName: firefox, browserVersion: 114.0, moz:accessibilityChecks: false, moz:buildID: 20230608214645, moz:geckodriverVersion: 0.33.0, moz:headless: false, moz:platformVersion: 5.19.0-1028-aws, moz:processID: 11529, moz:profile: /tmp/rust_mozprofile26UU4p, moz:shutdownTimeout: 60000, moz:useNonSpecCompliantPointerOrigin: false, moz:webdriverClick: true, moz:windowless: false, pageLoadStrategy: normal, platformName: LINUX, proxy: Proxy(), se:bidi: ws://172.22.0.2:4444/sessio..., se:cdp: ws://172.22.0.2:4444/sessio..., se:noVncPort: 7900, se:vnc: ws://172.22.0.2:4444/sessio..., se:vncEnabled: true, se:vncLocalAddress: ws://172.22.0.2:7900, setWindowRect: true, strictFileInteractability: false, timeouts: {implicit: 0, pageLoad: 300000, script: 30000}, unhandledPromptBehavior: dismiss and notify}
Session ID: 921b30db-646e-4e9a-8b39-0df82b2d0164
at org.openqa.selenium.remote.codec.w3c.W3CHttpResponseCodec.createException(W3CHttpResponseCodec.java:200)
at org.openqa.selenium.remote.codec.w3c.W3CHttpResponseCodec.decode(W3CHttpResponseCodec.java:133)
at org.openqa.selenium.remote.codec.w3c.W3CHttpResponseCodec.decode(W3CHttpResponseCodec.java:53)
at org.openqa.selenium.remote.HttpCommandExecutor.execute(HttpCommandExecutor.java:193)
at org.openqa.selenium.remote.TracedCommandExecutor.execute(TracedCommandExecutor.java:51)
at org.openqa.selenium.remote.RemoteWebDriver.execute(RemoteWebDriver.java:543)
at org.openqa.selenium.remote.ElementLocation$ElementFinder$2.findElement(ElementLocation.java:162)
at org.openqa.selenium.remote.ElementLocation.findElement(ElementLocation.java:60)
at org.openqa.selenium.remote.RemoteWebDriver.findElement(RemoteWebDriver.java:352)
at org.openqa.selenium.remote.RemoteWebDriver.findElement(RemoteWebDriver.java:344)
at PageClasses.ForgotModulePageObject.Test_9(ForgotModulePageObject.java:372)
at TestCases.ForgotModuleTestCases.Scenario_9(ForgotModuleTestCases.java:67)
at java.base/java.util.ArrayList.forEach(ArrayList.java:1511)
... Removed 28 stack frames]]>
    </failure>
  </testcase> <!-- Scenario_9 -->
  <testcase classname="TestCases.ForgotModuleTestCases" name="Scenario_10" time="0.457"/>
  <testcase classname="TestCases.ForgotModuleTestCases" name="Scenario_11" time="0.117">
    <failure type="java.lang.NullPointerException" message="Cannot invoke &amp;quot;org.openqa.selenium.WebElement.clear()&amp;quot; because &amp;quot;this.confirmpassword&amp;quot; is null">
      <![CDATA[java.lang.NullPointerException: Cannot invoke "org.openqa.selenium.WebElement.clear()" because "this.confirmpassword" is null
at PageClasses.ForgotModulePageObject.Test_11(ForgotModulePageObject.java:416)
at TestCases.ForgotModuleTestCases.Scenario_11(ForgotModuleTestCases.java:77)
at java.base/java.util.ArrayList.forEach(ArrayList.java:1511)
... Removed 25 stack frames]]>
    </failure>
  </testcase> <!-- Scenario_11 -->
  <testcase classname="TestCases.ForgotModuleTestCases" name="Scenario_12" time="0.157">
    <failure type="java.lang.NullPointerException" message="Cannot invoke &amp;quot;org.openqa.selenium.WebElement.clear()&amp;quot; because &amp;quot;this.confirmpassword&amp;quot; is null">
      <![CDATA[java.lang.NullPointerException: Cannot invoke "org.openqa.selenium.WebElement.clear()" because "this.confirmpassword" is null
at PageClasses.ForgotModulePageObject.Test_12(ForgotModulePageObject.java:434)
at TestCases.ForgotModuleTestCases.Scenario_12(ForgotModuleTestCases.java:81)
at java.base/java.util.ArrayList.forEach(ArrayList.java:1511)
... Removed 25 stack frames]]>
    </failure>
  </testcase> <!-- Scenario_12 -->
  <testcase classname="TestCases.ForgotModuleTestCases" name="Scenario_13" time="0.138">
    <failure type="java.lang.NullPointerException" message="Cannot invoke &amp;quot;org.openqa.selenium.WebElement.clear()&amp;quot; because &amp;quot;this.confirmpassword&amp;quot; is null">
      <![CDATA[java.lang.NullPointerException: Cannot invoke "org.openqa.selenium.WebElement.clear()" because "this.confirmpassword" is null
at PageClasses.ForgotModulePageObject.Test_13(ForgotModulePageObject.java:455)
at TestCases.ForgotModuleTestCases.Scenario_13(ForgotModuleTestCases.java:87)
at java.base/java.util.ArrayList.forEach(ArrayList.java:1511)
... Removed 25 stack frames]]>
    </failure>
  </testcase> <!-- Scenario_13 -->
  <testcase classname="TestCases.ForgotModuleTestCases" name="Scenario_14" time="0.154">
    <failure type="java.lang.NullPointerException" message="Cannot invoke &amp;quot;org.openqa.selenium.WebElement.clear()&amp;quot; because &amp;quot;this.confirmpassword&amp;quot; is null">
      <![CDATA[java.lang.NullPointerException: Cannot invoke "org.openqa.selenium.WebElement.clear()" because "this.confirmpassword" is null
at PageClasses.ForgotModulePageObject.Test_14(ForgotModulePageObject.java:483)
at TestCases.ForgotModuleTestCases.Scenario_14(ForgotModuleTestCases.java:92)
at java.base/java.util.ArrayList.forEach(ArrayList.java:1511)
... Removed 25 stack frames]]>
    </failure>
  </testcase> <!-- Scenario_14 -->
  <testcase classname="TestCases.ForgotModuleTestCases" name="Scenario_15" time="1.285"/>
  <testcase classname="TestCases.ForgotModuleTestCases" name="Scenario_16" time="21.065"/>
  <testcase classname="TestCases.ForgotModuleTestCases" name="Scenario_8" time="0.0">
    <ignored/>
  </testcase> <!-- Scenario_8 -->
  <testcase classname="TestCases.ForgotModuleTestCases" name="Scenario_2" time="0.0">
    <ignored/>
  </testcase> <!-- Scenario_2 -->
  <testcase classname="TestCases.ForgotModuleTestCases" name="Scenario_1" time="0.0">
    <ignored/>
  </testcase> <!-- Scenario_1 -->
  <testcase classname="TestCases.ForgotModuleTestCases" name="Scenario_3" time="0.0">
    <ignored/>
  </testcase> <!-- Scenario_3 -->
  <testcase classname="TestCases.ForgotModuleTestCases" name="Scenario_6" time="0.0">
    <ignored/>
  </testcase> <!-- Scenario_6 -->
  <testcase classname="TestCases.ForgotModuleTestCases" name="Scenario_0" time="0.0">
    <ignored/>
  </testcase> <!-- Scenario_0 -->
  <testcase classname="TestCases.ForgotModuleTestCases" name="Scenario_7" time="0.0">
    <ignored/>
  </testcase> <!-- Scenario_7 -->
  <testcase classname="TestCases.ForgotModuleTestCases" name="Scenario_4" time="0.0">
    <ignored/>
  </testcase> <!-- Scenario_4 -->
</testsuite> <!-- Test(failed) -->
